<?xml version="1.0" encoding="UTF-8"?>
<!-- Generated by org.testng.reporters.JUnitXMLReporter -->
<testsuite hostname="DESKTOP-CMANQCD" ignored="0" tests="5" failures="0" timestamp="2020-09-09T06:23:17 PDT" time="17.077" errors="0">
  <testcase name="launchURL" time="1.854" classname="End2End"/>
  <testcase name="logintest" time="1.006" classname="End2End"/>
  <testcase name="addpromise" time="1.867" classname="End2End"/>
  <testcase name="search" time="0.73" classname="End2End"/>
  <testcase name="logout" time="0.241" classname="End2End"/>
</testsuite>
